12:17:50 INFO  : Registering command handlers for SDK TCF services
12:17:52 INFO  : Launching XSCT server: xsct.bat -interactive C:\Users\jgiletta\Documents\Capacitaciones\spl_2023\ws1_design_flow\project_ws1\project_ws1.sdk\temp_xsdb_launch_script.tcl
12:17:55 INFO  : XSCT server has started successfully.
12:17:55 INFO  : Successfully done setting XSCT server connection channel  
12:18:00 INFO  : Successfully done setting SDK workspace  
12:18:00 INFO  : Processing command line option -hwspec C:/Users/jgiletta/Documents/Capacitaciones/spl_2023/ws1_design_flow/project_ws1/project_ws1.sdk/lab1_hw_wrapper.hdf.
12:32:15 INFO  : Connected to target on host '127.0.0.1' and port '3121'.
12:32:34 INFO  : ----------------XSDB Script----------------
connect -url tcp:127.0.0.1:3121
----------------End of Script----------------

12:35:01 INFO  : Connected to target on host '127.0.0.1' and port '3121'.
12:35:01 INFO  : Jtag cable 'Digilent Zed 210248493091' is selected.
12:35:01 INFO  : 'jtag frequency' command is executed.
12:35:01 INFO  : Sourcing of 'C:/Users/jgiletta/Documents/Capacitaciones/spl_2023/ws1_design_flow/project_ws1/project_ws1.sdk/lab1_hw_wrapper_hw_platform_0/ps7_init.tcl' is done.
12:35:01 INFO  : Context for 'APU' is selected.
12:35:01 INFO  : Hardware design information is loaded from 'C:/Users/jgiletta/Documents/Capacitaciones/spl_2023/ws1_design_flow/project_ws1/project_ws1.sdk/lab1_hw_wrapper_hw_platform_0/system.hdf'.
12:35:01 INFO  : 'configparams force-mem-access 1' command is executed.
12:35:01 INFO  : Context for 'APU' is selected.
12:35:01 INFO  : 'stop' command is executed.
12:35:01 INFO  : 'ps7_init' command is executed.
12:35:01 INFO  : 'ps7_post_config' command is executed.
12:35:01 INFO  : Context for processor 'ps7_cortexa9_0' is selected.
12:35:01 INFO  : Processor reset is completed for 'ps7_cortexa9_0'.
12:35:01 INFO  : Context for processor 'ps7_cortexa9_0' is selected.
12:35:02 INFO  : The application 'C:/Users/jgiletta/Documents/Capacitaciones/spl_2023/ws1_design_flow/project_ws1/project_ws1.sdk/hello_word_sdk/Debug/hello_word_sdk.elf' is downloaded to processor 'ps7_cortexa9_0'.
12:35:02 INFO  : 'configparams force-mem-access 0' command is executed.
12:35:02 INFO  : ----------------XSDB Script----------------
connect -url tcp:127.0.0.1:3121
source C:/Users/jgiletta/Documents/Capacitaciones/spl_2023/ws1_design_flow/project_ws1/project_ws1.sdk/lab1_hw_wrapper_hw_platform_0/ps7_init.tcl
targets -set -nocase -filter {name =~"APU*" && jtag_cable_name =~ "Digilent Zed 210248493091"} -index 0
loadhw -hw C:/Users/jgiletta/Documents/Capacitaciones/spl_2023/ws1_design_flow/project_ws1/project_ws1.sdk/lab1_hw_wrapper_hw_platform_0/system.hdf -mem-ranges [list {0x40000000 0xbfffffff}]
configparams force-mem-access 1
targets -set -nocase -filter {name =~"APU*" && jtag_cable_name =~ "Digilent Zed 210248493091"} -index 0
stop
ps7_init
ps7_post_config
targets -set -nocase -filter {name =~ "ARM*#0" && jtag_cable_name =~ "Digilent Zed 210248493091"} -index 0
rst -processor
targets -set -nocase -filter {name =~ "ARM*#0" && jtag_cable_name =~ "Digilent Zed 210248493091"} -index 0
dow C:/Users/jgiletta/Documents/Capacitaciones/spl_2023/ws1_design_flow/project_ws1/project_ws1.sdk/hello_word_sdk/Debug/hello_word_sdk.elf
configparams force-mem-access 0
----------------End of Script----------------

12:35:02 INFO  : Context for processor 'ps7_cortexa9_0' is selected.
12:35:02 INFO  : 'con' command is executed.
12:35:02 INFO  : ----------------XSDB Script (After Launch)----------------
targets -set -nocase -filter {name =~ "ARM*#0" && jtag_cable_name =~ "Digilent Zed 210248493091"} -index 0
con
----------------End of Script----------------

12:35:02 INFO  : Disconnected from the channel tcfchan#1.
14:12:41 INFO  : Registering command handlers for SDK TCF services
14:12:41 INFO  : Launching XSCT server: xsct.bat -interactive C:\Users\jgiletta\Documents\Capacitaciones\spl_2023\ws1_design_flow\project_ws1\project_ws1.sdk\temp_xsdb_launch_script.tcl
14:12:45 INFO  : XSCT server has started successfully.
14:12:51 INFO  : Successfully done setting XSCT server connection channel  
14:12:51 INFO  : Successfully done setting SDK workspace  
14:12:51 INFO  : Processing command line option -hwspec C:/Users/jgiletta/Documents/Capacitaciones/spl_2023/ws1_design_flow/project_ws1/project_ws1.sdk/lab1_mem_test_wrapper.hdf.
14:15:16 INFO  : Connected to target on host '127.0.0.1' and port '3121'.
14:15:34 INFO  : ----------------XSDB Script----------------
connect -url tcp:127.0.0.1:3121
----------------End of Script----------------

14:16:00 INFO  : Connected to target on host '127.0.0.1' and port '3121'.
14:16:00 INFO  : Jtag cable 'Digilent Zed 210248493091' is selected.
14:16:00 INFO  : 'jtag frequency' command is executed.
14:16:00 INFO  : Sourcing of 'C:/Users/jgiletta/Documents/Capacitaciones/spl_2023/ws1_design_flow/project_ws1/project_ws1.sdk/lab1_mem_test_wrapper_hw_platform_0/ps7_init.tcl' is done.
14:16:00 INFO  : Context for 'APU' is selected.
14:16:00 INFO  : Hardware design information is loaded from 'C:/Users/jgiletta/Documents/Capacitaciones/spl_2023/ws1_design_flow/project_ws1/project_ws1.sdk/lab1_mem_test_wrapper_hw_platform_0/system.hdf'.
14:16:00 INFO  : 'configparams force-mem-access 1' command is executed.
14:16:00 INFO  : Context for 'APU' is selected.
14:16:00 INFO  : 'stop' command is executed.
14:16:00 INFO  : 'ps7_init' command is executed.
14:16:00 INFO  : 'ps7_post_config' command is executed.
14:16:00 INFO  : Context for processor 'ps7_cortexa9_0' is selected.
14:16:00 INFO  : Processor reset is completed for 'ps7_cortexa9_0'.
14:16:00 INFO  : Context for processor 'ps7_cortexa9_0' is selected.
14:16:01 INFO  : The application 'C:/Users/jgiletta/Documents/Capacitaciones/spl_2023/ws1_design_flow/project_ws1/project_ws1.sdk/lab1_memory_test_sdk/Debug/lab1_memory_test_sdk.elf' is downloaded to processor 'ps7_cortexa9_0'.
14:16:01 INFO  : 'configparams force-mem-access 0' command is executed.
14:16:01 INFO  : ----------------XSDB Script----------------
connect -url tcp:127.0.0.1:3121
source C:/Users/jgiletta/Documents/Capacitaciones/spl_2023/ws1_design_flow/project_ws1/project_ws1.sdk/lab1_mem_test_wrapper_hw_platform_0/ps7_init.tcl
targets -set -nocase -filter {name =~"APU*" && jtag_cable_name =~ "Digilent Zed 210248493091"} -index 0
loadhw -hw C:/Users/jgiletta/Documents/Capacitaciones/spl_2023/ws1_design_flow/project_ws1/project_ws1.sdk/lab1_mem_test_wrapper_hw_platform_0/system.hdf -mem-ranges [list {0x40000000 0xbfffffff}]
configparams force-mem-access 1
targets -set -nocase -filter {name =~"APU*" && jtag_cable_name =~ "Digilent Zed 210248493091"} -index 0
stop
ps7_init
ps7_post_config
targets -set -nocase -filter {name =~ "ARM*#0" && jtag_cable_name =~ "Digilent Zed 210248493091"} -index 0
rst -processor
targets -set -nocase -filter {name =~ "ARM*#0" && jtag_cable_name =~ "Digilent Zed 210248493091"} -index 0
dow C:/Users/jgiletta/Documents/Capacitaciones/spl_2023/ws1_design_flow/project_ws1/project_ws1.sdk/lab1_memory_test_sdk/Debug/lab1_memory_test_sdk.elf
configparams force-mem-access 0
----------------End of Script----------------

14:16:01 INFO  : Context for processor 'ps7_cortexa9_0' is selected.
14:16:01 INFO  : 'con' command is executed.
14:16:01 INFO  : ----------------XSDB Script (After Launch)----------------
targets -set -nocase -filter {name =~ "ARM*#0" && jtag_cable_name =~ "Digilent Zed 210248493091"} -index 0
con
----------------End of Script----------------

14:16:01 INFO  : Disconnected from the channel tcfchan#1.
14:18:28 INFO  : Connected to target on host '127.0.0.1' and port '3121'.
14:18:28 INFO  : Jtag cable 'Digilent Zed 210248493091' is selected.
14:18:28 INFO  : 'jtag frequency' command is executed.
14:18:28 INFO  : Sourcing of 'C:/Users/jgiletta/Documents/Capacitaciones/spl_2023/ws1_design_flow/project_ws1/project_ws1.sdk/lab1_mem_test_wrapper_hw_platform_0/ps7_init.tcl' is done.
14:18:28 INFO  : Context for 'APU' is selected.
14:18:28 INFO  : Hardware design information is loaded from 'C:/Users/jgiletta/Documents/Capacitaciones/spl_2023/ws1_design_flow/project_ws1/project_ws1.sdk/lab1_mem_test_wrapper_hw_platform_0/system.hdf'.
14:18:28 INFO  : 'configparams force-mem-access 1' command is executed.
14:18:28 INFO  : Context for 'APU' is selected.
14:18:28 INFO  : 'stop' command is executed.
14:18:29 INFO  : 'ps7_init' command is executed.
14:18:29 INFO  : 'ps7_post_config' command is executed.
14:18:29 INFO  : Context for processor 'ps7_cortexa9_0' is selected.
14:18:29 INFO  : Processor reset is completed for 'ps7_cortexa9_0'.
14:18:29 INFO  : Context for processor 'ps7_cortexa9_0' is selected.
14:18:29 INFO  : The application 'C:/Users/jgiletta/Documents/Capacitaciones/spl_2023/ws1_design_flow/project_ws1/project_ws1.sdk/lab1_memory_test_sdk/Debug/lab1_memory_test_sdk.elf' is downloaded to processor 'ps7_cortexa9_0'.
14:18:29 INFO  : 'configparams force-mem-access 0' command is executed.
14:18:29 INFO  : ----------------XSDB Script----------------
connect -url tcp:127.0.0.1:3121
source C:/Users/jgiletta/Documents/Capacitaciones/spl_2023/ws1_design_flow/project_ws1/project_ws1.sdk/lab1_mem_test_wrapper_hw_platform_0/ps7_init.tcl
targets -set -nocase -filter {name =~"APU*" && jtag_cable_name =~ "Digilent Zed 210248493091"} -index 0
loadhw -hw C:/Users/jgiletta/Documents/Capacitaciones/spl_2023/ws1_design_flow/project_ws1/project_ws1.sdk/lab1_mem_test_wrapper_hw_platform_0/system.hdf -mem-ranges [list {0x40000000 0xbfffffff}]
configparams force-mem-access 1
targets -set -nocase -filter {name =~"APU*" && jtag_cable_name =~ "Digilent Zed 210248493091"} -index 0
stop
ps7_init
ps7_post_config
targets -set -nocase -filter {name =~ "ARM*#0" && jtag_cable_name =~ "Digilent Zed 210248493091"} -index 0
rst -processor
targets -set -nocase -filter {name =~ "ARM*#0" && jtag_cable_name =~ "Digilent Zed 210248493091"} -index 0
dow C:/Users/jgiletta/Documents/Capacitaciones/spl_2023/ws1_design_flow/project_ws1/project_ws1.sdk/lab1_memory_test_sdk/Debug/lab1_memory_test_sdk.elf
configparams force-mem-access 0
----------------End of Script----------------

14:18:29 INFO  : Context for processor 'ps7_cortexa9_0' is selected.
14:18:29 INFO  : 'con' command is executed.
14:18:29 INFO  : ----------------XSDB Script (After Launch)----------------
targets -set -nocase -filter {name =~ "ARM*#0" && jtag_cable_name =~ "Digilent Zed 210248493091"} -index 0
con
----------------End of Script----------------

14:18:29 INFO  : Disconnected from the channel tcfchan#2.
14:20:09 INFO  : Connected to target on host '127.0.0.1' and port '3121'.
14:20:09 INFO  : Jtag cable 'Digilent Zed 210248493091' is selected.
14:20:09 INFO  : 'jtag frequency' command is executed.
14:20:09 INFO  : Sourcing of 'C:/Users/jgiletta/Documents/Capacitaciones/spl_2023/ws1_design_flow/project_ws1/project_ws1.sdk/lab1_mem_test_wrapper_hw_platform_0/ps7_init.tcl' is done.
14:20:09 INFO  : Context for 'APU' is selected.
14:20:09 INFO  : Hardware design information is loaded from 'C:/Users/jgiletta/Documents/Capacitaciones/spl_2023/ws1_design_flow/project_ws1/project_ws1.sdk/lab1_mem_test_wrapper_hw_platform_0/system.hdf'.
14:20:09 INFO  : 'configparams force-mem-access 1' command is executed.
14:20:09 INFO  : Context for 'APU' is selected.
14:20:09 INFO  : 'stop' command is executed.
14:20:09 INFO  : 'ps7_init' command is executed.
14:20:09 INFO  : 'ps7_post_config' command is executed.
14:20:09 INFO  : Context for processor 'ps7_cortexa9_0' is selected.
14:20:10 INFO  : Processor reset is completed for 'ps7_cortexa9_0'.
14:20:10 INFO  : Context for processor 'ps7_cortexa9_0' is selected.
14:20:10 INFO  : The application 'C:/Users/jgiletta/Documents/Capacitaciones/spl_2023/ws1_design_flow/project_ws1/project_ws1.sdk/lab1_memory_test_sdk/Debug/lab1_memory_test_sdk.elf' is downloaded to processor 'ps7_cortexa9_0'.
14:20:10 INFO  : 'configparams force-mem-access 0' command is executed.
14:20:10 INFO  : ----------------XSDB Script----------------
connect -url tcp:127.0.0.1:3121
source C:/Users/jgiletta/Documents/Capacitaciones/spl_2023/ws1_design_flow/project_ws1/project_ws1.sdk/lab1_mem_test_wrapper_hw_platform_0/ps7_init.tcl
targets -set -nocase -filter {name =~"APU*" && jtag_cable_name =~ "Digilent Zed 210248493091"} -index 0
loadhw -hw C:/Users/jgiletta/Documents/Capacitaciones/spl_2023/ws1_design_flow/project_ws1/project_ws1.sdk/lab1_mem_test_wrapper_hw_platform_0/system.hdf -mem-ranges [list {0x40000000 0xbfffffff}]
configparams force-mem-access 1
targets -set -nocase -filter {name =~"APU*" && jtag_cable_name =~ "Digilent Zed 210248493091"} -index 0
stop
ps7_init
ps7_post_config
targets -set -nocase -filter {name =~ "ARM*#0" && jtag_cable_name =~ "Digilent Zed 210248493091"} -index 0
rst -processor
targets -set -nocase -filter {name =~ "ARM*#0" && jtag_cable_name =~ "Digilent Zed 210248493091"} -index 0
dow C:/Users/jgiletta/Documents/Capacitaciones/spl_2023/ws1_design_flow/project_ws1/project_ws1.sdk/lab1_memory_test_sdk/Debug/lab1_memory_test_sdk.elf
configparams force-mem-access 0
----------------End of Script----------------

14:20:10 INFO  : Context for processor 'ps7_cortexa9_0' is selected.
14:20:10 INFO  : 'con' command is executed.
14:20:10 INFO  : ----------------XSDB Script (After Launch)----------------
targets -set -nocase -filter {name =~ "ARM*#0" && jtag_cable_name =~ "Digilent Zed 210248493091"} -index 0
con
----------------End of Script----------------

14:20:10 INFO  : Disconnected from the channel tcfchan#3.
14:21:28 INFO  : Connected to target on host '127.0.0.1' and port '3121'.
14:21:28 INFO  : Jtag cable 'Digilent Zed 210248493091' is selected.
14:21:28 INFO  : 'jtag frequency' command is executed.
14:21:28 INFO  : Sourcing of 'C:/Users/jgiletta/Documents/Capacitaciones/spl_2023/ws1_design_flow/project_ws1/project_ws1.sdk/lab1_mem_test_wrapper_hw_platform_0/ps7_init.tcl' is done.
14:21:28 INFO  : Context for 'APU' is selected.
14:21:28 INFO  : Hardware design information is loaded from 'C:/Users/jgiletta/Documents/Capacitaciones/spl_2023/ws1_design_flow/project_ws1/project_ws1.sdk/lab1_mem_test_wrapper_hw_platform_0/system.hdf'.
14:21:28 INFO  : 'configparams force-mem-access 1' command is executed.
14:21:28 INFO  : Context for 'APU' is selected.
14:21:28 INFO  : 'stop' command is executed.
14:21:29 INFO  : 'ps7_init' command is executed.
14:21:29 INFO  : 'ps7_post_config' command is executed.
14:21:29 INFO  : Context for processor 'ps7_cortexa9_0' is selected.
14:21:29 INFO  : Processor reset is completed for 'ps7_cortexa9_0'.
14:21:29 INFO  : Context for processor 'ps7_cortexa9_0' is selected.
14:21:29 INFO  : The application 'C:/Users/jgiletta/Documents/Capacitaciones/spl_2023/ws1_design_flow/project_ws1/project_ws1.sdk/lab1_memory_test_sdk/Debug/lab1_memory_test_sdk.elf' is downloaded to processor 'ps7_cortexa9_0'.
14:21:29 INFO  : 'configparams force-mem-access 0' command is executed.
14:21:29 INFO  : ----------------XSDB Script----------------
connect -url tcp:127.0.0.1:3121
source C:/Users/jgiletta/Documents/Capacitaciones/spl_2023/ws1_design_flow/project_ws1/project_ws1.sdk/lab1_mem_test_wrapper_hw_platform_0/ps7_init.tcl
targets -set -nocase -filter {name =~"APU*" && jtag_cable_name =~ "Digilent Zed 210248493091"} -index 0
loadhw -hw C:/Users/jgiletta/Documents/Capacitaciones/spl_2023/ws1_design_flow/project_ws1/project_ws1.sdk/lab1_mem_test_wrapper_hw_platform_0/system.hdf -mem-ranges [list {0x40000000 0xbfffffff}]
configparams force-mem-access 1
targets -set -nocase -filter {name =~"APU*" && jtag_cable_name =~ "Digilent Zed 210248493091"} -index 0
stop
ps7_init
ps7_post_config
targets -set -nocase -filter {name =~ "ARM*#0" && jtag_cable_name =~ "Digilent Zed 210248493091"} -index 0
rst -processor
targets -set -nocase -filter {name =~ "ARM*#0" && jtag_cable_name =~ "Digilent Zed 210248493091"} -index 0
dow C:/Users/jgiletta/Documents/Capacitaciones/spl_2023/ws1_design_flow/project_ws1/project_ws1.sdk/lab1_memory_test_sdk/Debug/lab1_memory_test_sdk.elf
configparams force-mem-access 0
----------------End of Script----------------

14:21:29 INFO  : Context for processor 'ps7_cortexa9_0' is selected.
14:21:29 INFO  : 'con' command is executed.
14:21:29 INFO  : ----------------XSDB Script (After Launch)----------------
targets -set -nocase -filter {name =~ "ARM*#0" && jtag_cable_name =~ "Digilent Zed 210248493091"} -index 0
con
----------------End of Script----------------

14:21:29 INFO  : Disconnected from the channel tcfchan#4.
14:22:18 INFO  : Connected to target on host '127.0.0.1' and port '3121'.
14:22:18 INFO  : Jtag cable 'Digilent Zed 210248493091' is selected.
14:22:18 INFO  : 'jtag frequency' command is executed.
14:22:18 INFO  : Sourcing of 'C:/Users/jgiletta/Documents/Capacitaciones/spl_2023/ws1_design_flow/project_ws1/project_ws1.sdk/lab1_mem_test_wrapper_hw_platform_0/ps7_init.tcl' is done.
14:22:18 INFO  : Context for 'APU' is selected.
14:22:18 INFO  : Hardware design information is loaded from 'C:/Users/jgiletta/Documents/Capacitaciones/spl_2023/ws1_design_flow/project_ws1/project_ws1.sdk/lab1_mem_test_wrapper_hw_platform_0/system.hdf'.
14:22:18 INFO  : 'configparams force-mem-access 1' command is executed.
14:22:18 INFO  : Context for 'APU' is selected.
14:22:18 INFO  : 'stop' command is executed.
14:22:18 INFO  : 'ps7_init' command is executed.
14:22:18 INFO  : 'ps7_post_config' command is executed.
14:22:18 INFO  : Context for processor 'ps7_cortexa9_0' is selected.
14:22:19 INFO  : Processor reset is completed for 'ps7_cortexa9_0'.
14:22:19 INFO  : Context for processor 'ps7_cortexa9_0' is selected.
14:22:19 INFO  : The application 'C:/Users/jgiletta/Documents/Capacitaciones/spl_2023/ws1_design_flow/project_ws1/project_ws1.sdk/lab1_memory_test_sdk/Debug/lab1_memory_test_sdk.elf' is downloaded to processor 'ps7_cortexa9_0'.
14:22:19 INFO  : 'configparams force-mem-access 0' command is executed.
14:22:19 INFO  : ----------------XSDB Script----------------
connect -url tcp:127.0.0.1:3121
source C:/Users/jgiletta/Documents/Capacitaciones/spl_2023/ws1_design_flow/project_ws1/project_ws1.sdk/lab1_mem_test_wrapper_hw_platform_0/ps7_init.tcl
targets -set -nocase -filter {name =~"APU*" && jtag_cable_name =~ "Digilent Zed 210248493091"} -index 0
loadhw -hw C:/Users/jgiletta/Documents/Capacitaciones/spl_2023/ws1_design_flow/project_ws1/project_ws1.sdk/lab1_mem_test_wrapper_hw_platform_0/system.hdf -mem-ranges [list {0x40000000 0xbfffffff}]
configparams force-mem-access 1
targets -set -nocase -filter {name =~"APU*" && jtag_cable_name =~ "Digilent Zed 210248493091"} -index 0
stop
ps7_init
ps7_post_config
targets -set -nocase -filter {name =~ "ARM*#0" && jtag_cable_name =~ "Digilent Zed 210248493091"} -index 0
rst -processor
targets -set -nocase -filter {name =~ "ARM*#0" && jtag_cable_name =~ "Digilent Zed 210248493091"} -index 0
dow C:/Users/jgiletta/Documents/Capacitaciones/spl_2023/ws1_design_flow/project_ws1/project_ws1.sdk/lab1_memory_test_sdk/Debug/lab1_memory_test_sdk.elf
configparams force-mem-access 0
----------------End of Script----------------

14:22:19 INFO  : Context for processor 'ps7_cortexa9_0' is selected.
14:22:19 INFO  : 'con' command is executed.
14:22:19 INFO  : ----------------XSDB Script (After Launch)----------------
targets -set -nocase -filter {name =~ "ARM*#0" && jtag_cable_name =~ "Digilent Zed 210248493091"} -index 0
con
----------------End of Script----------------

14:22:19 INFO  : Disconnected from the channel tcfchan#5.
14:24:28 INFO  : Connected to target on host '127.0.0.1' and port '3121'.
14:24:29 INFO  : Jtag cable 'Digilent Zed 210248493091' is selected.
14:24:29 INFO  : 'jtag frequency' command is executed.
14:24:29 INFO  : Sourcing of 'C:/Users/jgiletta/Documents/Capacitaciones/spl_2023/ws1_design_flow/project_ws1/project_ws1.sdk/lab1_mem_test_wrapper_hw_platform_0/ps7_init.tcl' is done.
14:24:29 INFO  : Context for 'APU' is selected.
14:24:29 INFO  : Hardware design information is loaded from 'C:/Users/jgiletta/Documents/Capacitaciones/spl_2023/ws1_design_flow/project_ws1/project_ws1.sdk/lab1_mem_test_wrapper_hw_platform_0/system.hdf'.
14:24:29 INFO  : 'configparams force-mem-access 1' command is executed.
14:24:29 INFO  : Context for 'APU' is selected.
14:24:29 INFO  : 'stop' command is executed.
14:24:29 INFO  : 'ps7_init' command is executed.
14:24:29 INFO  : 'ps7_post_config' command is executed.
14:24:29 INFO  : Context for processor 'ps7_cortexa9_0' is selected.
14:24:29 INFO  : Processor reset is completed for 'ps7_cortexa9_0'.
14:24:29 INFO  : Context for processor 'ps7_cortexa9_0' is selected.
14:24:29 INFO  : The application 'C:/Users/jgiletta/Documents/Capacitaciones/spl_2023/ws1_design_flow/project_ws1/project_ws1.sdk/lab1_memory_test_sdk/Debug/lab1_memory_test_sdk.elf' is downloaded to processor 'ps7_cortexa9_0'.
14:24:29 INFO  : 'configparams force-mem-access 0' command is executed.
14:24:29 INFO  : ----------------XSDB Script----------------
connect -url tcp:127.0.0.1:3121
source C:/Users/jgiletta/Documents/Capacitaciones/spl_2023/ws1_design_flow/project_ws1/project_ws1.sdk/lab1_mem_test_wrapper_hw_platform_0/ps7_init.tcl
targets -set -nocase -filter {name =~"APU*" && jtag_cable_name =~ "Digilent Zed 210248493091"} -index 0
loadhw -hw C:/Users/jgiletta/Documents/Capacitaciones/spl_2023/ws1_design_flow/project_ws1/project_ws1.sdk/lab1_mem_test_wrapper_hw_platform_0/system.hdf -mem-ranges [list {0x40000000 0xbfffffff}]
configparams force-mem-access 1
targets -set -nocase -filter {name =~"APU*" && jtag_cable_name =~ "Digilent Zed 210248493091"} -index 0
stop
ps7_init
ps7_post_config
targets -set -nocase -filter {name =~ "ARM*#0" && jtag_cable_name =~ "Digilent Zed 210248493091"} -index 0
rst -processor
targets -set -nocase -filter {name =~ "ARM*#0" && jtag_cable_name =~ "Digilent Zed 210248493091"} -index 0
dow C:/Users/jgiletta/Documents/Capacitaciones/spl_2023/ws1_design_flow/project_ws1/project_ws1.sdk/lab1_memory_test_sdk/Debug/lab1_memory_test_sdk.elf
configparams force-mem-access 0
----------------End of Script----------------

14:24:29 INFO  : Context for processor 'ps7_cortexa9_0' is selected.
14:24:29 INFO  : 'con' command is executed.
14:24:29 INFO  : ----------------XSDB Script (After Launch)----------------
targets -set -nocase -filter {name =~ "ARM*#0" && jtag_cable_name =~ "Digilent Zed 210248493091"} -index 0
con
----------------End of Script----------------

14:24:29 INFO  : Disconnected from the channel tcfchan#6.
