16:51:11 INFO  : Registering command handlers for SDK TCF services
16:51:12 INFO  : Launching XSCT server: xsct.bat -interactive C:\Users\jgiletta\Documents\Capacitaciones\spl_2023\ws1_design_flow\lab3_freertos\lab3_freertos.sdk\temp_xsdb_launch_script.tcl
16:51:14 INFO  : XSCT server has started successfully.
16:51:14 INFO  : Successfully done setting XSCT server connection channel  
16:51:14 INFO  : Successfully done setting SDK workspace  
16:51:14 INFO  : Processing command line option -hwspec C:/Users/jgiletta/Documents/Capacitaciones/spl_2023/ws1_design_flow/lab3_freertos/lab3_freertos.sdk/rtos_example_wrapper.hdf.
17:41:41 INFO  : 'targets -set -filter {jtag_cable_name =~ "Digilent Zed 210248493026" && level==0} -index 1' command is executed.
17:41:41 INFO  : 'fpga -state' command is executed.
17:41:47 INFO  : Connected to target on host '127.0.0.1' and port '3121'.
17:41:47 INFO  : Jtag cable 'Digilent Zed 210248493026' is selected.
17:41:47 INFO  : 'jtag frequency' command is executed.
17:41:47 INFO  : Sourcing of 'C:/Users/jgiletta/Documents/Capacitaciones/spl_2023/ws1_design_flow/lab3_freertos/lab3_freertos.sdk/rtos_example_wrapper_hw_platform_0/ps7_init.tcl' is done.
17:41:47 INFO  : Context for 'APU' is selected.
17:41:47 INFO  : Hardware design information is loaded from 'C:/Users/jgiletta/Documents/Capacitaciones/spl_2023/ws1_design_flow/lab3_freertos/lab3_freertos.sdk/rtos_example_wrapper_hw_platform_0/system.hdf'.
17:41:47 INFO  : 'configparams force-mem-access 1' command is executed.
17:41:47 INFO  : Context for 'APU' is selected.
17:41:47 INFO  : 'stop' command is executed.
17:41:47 INFO  : 'ps7_init' command is executed.
17:41:47 INFO  : 'ps7_post_config' command is executed.
17:41:47 INFO  : Context for processor 'ps7_cortexa9_0' is selected.
17:41:48 INFO  : Processor reset is completed for 'ps7_cortexa9_0'.
17:41:48 INFO  : Context for processor 'ps7_cortexa9_0' is selected.
17:41:48 INFO  : The application 'C:/Users/jgiletta/Documents/Capacitaciones/spl_2023/ws1_design_flow/lab3_freertos/lab3_freertos.sdk/led_buttons/Debug/led_buttons.elf' is downloaded to processor 'ps7_cortexa9_0'.
17:41:48 INFO  : 'configparams force-mem-access 0' command is executed.
17:41:48 INFO  : ----------------XSDB Script----------------
connect -url tcp:127.0.0.1:3121
source C:/Users/jgiletta/Documents/Capacitaciones/spl_2023/ws1_design_flow/lab3_freertos/lab3_freertos.sdk/rtos_example_wrapper_hw_platform_0/ps7_init.tcl
targets -set -nocase -filter {name =~"APU*" && jtag_cable_name =~ "Digilent Zed 210248493026"} -index 0
loadhw -hw C:/Users/jgiletta/Documents/Capacitaciones/spl_2023/ws1_design_flow/lab3_freertos/lab3_freertos.sdk/rtos_example_wrapper_hw_platform_0/system.hdf -mem-ranges [list {0x40000000 0xbfffffff}]
configparams force-mem-access 1
targets -set -nocase -filter {name =~"APU*" && jtag_cable_name =~ "Digilent Zed 210248493026"} -index 0
stop
ps7_init
ps7_post_config
targets -set -nocase -filter {name =~ "ARM*#0" && jtag_cable_name =~ "Digilent Zed 210248493026"} -index 0
rst -processor
targets -set -nocase -filter {name =~ "ARM*#0" && jtag_cable_name =~ "Digilent Zed 210248493026"} -index 0
dow C:/Users/jgiletta/Documents/Capacitaciones/spl_2023/ws1_design_flow/lab3_freertos/lab3_freertos.sdk/led_buttons/Debug/led_buttons.elf
configparams force-mem-access 0
----------------End of Script----------------

17:41:48 INFO  : Context for processor 'ps7_cortexa9_0' is selected.
17:41:48 INFO  : 'con' command is executed.
17:41:48 INFO  : ----------------XSDB Script (After Launch)----------------
targets -set -nocase -filter {name =~ "ARM*#0" && jtag_cable_name =~ "Digilent Zed 210248493026"} -index 0
con
----------------End of Script----------------

17:41:48 INFO  : Disconnected from the channel tcfchan#1.
17:42:59 INFO  : 'targets -set -filter {jtag_cable_name =~ "Digilent Zed 210248493026" && level==0} -index 1' command is executed.
17:43:00 INFO  : 'fpga -state' command is executed.
17:43:38 INFO  : Connected to target on host '127.0.0.1' and port '3121'.
17:43:38 INFO  : Jtag cable 'Digilent Zed 210248493026' is selected.
17:43:38 INFO  : 'jtag frequency' command is executed.
17:43:38 INFO  : Sourcing of 'C:/Users/jgiletta/Documents/Capacitaciones/spl_2023/ws1_design_flow/lab3_freertos/lab3_freertos.sdk/rtos_example_wrapper_hw_platform_0/ps7_init.tcl' is done.
17:43:38 INFO  : Context for 'APU' is selected.
17:43:38 INFO  : Hardware design information is loaded from 'C:/Users/jgiletta/Documents/Capacitaciones/spl_2023/ws1_design_flow/lab3_freertos/lab3_freertos.sdk/rtos_example_wrapper_hw_platform_0/system.hdf'.
17:43:38 INFO  : 'configparams force-mem-access 1' command is executed.
17:43:38 INFO  : Context for 'APU' is selected.
17:43:38 INFO  : 'stop' command is executed.
17:43:38 INFO  : 'ps7_init' command is executed.
17:43:38 INFO  : 'ps7_post_config' command is executed.
17:43:38 INFO  : Context for processor 'ps7_cortexa9_0' is selected.
17:43:39 INFO  : Processor reset is completed for 'ps7_cortexa9_0'.
17:43:39 INFO  : Context for processor 'ps7_cortexa9_0' is selected.
17:43:39 INFO  : The application 'C:/Users/jgiletta/Documents/Capacitaciones/spl_2023/ws1_design_flow/lab3_freertos/lab3_freertos.sdk/led_buttons/Debug/led_buttons.elf' is downloaded to processor 'ps7_cortexa9_0'.
17:43:39 INFO  : 'configparams force-mem-access 0' command is executed.
17:43:39 INFO  : ----------------XSDB Script----------------
connect -url tcp:127.0.0.1:3121
source C:/Users/jgiletta/Documents/Capacitaciones/spl_2023/ws1_design_flow/lab3_freertos/lab3_freertos.sdk/rtos_example_wrapper_hw_platform_0/ps7_init.tcl
targets -set -nocase -filter {name =~"APU*" && jtag_cable_name =~ "Digilent Zed 210248493026"} -index 0
loadhw -hw C:/Users/jgiletta/Documents/Capacitaciones/spl_2023/ws1_design_flow/lab3_freertos/lab3_freertos.sdk/rtos_example_wrapper_hw_platform_0/system.hdf -mem-ranges [list {0x40000000 0xbfffffff}]
configparams force-mem-access 1
targets -set -nocase -filter {name =~"APU*" && jtag_cable_name =~ "Digilent Zed 210248493026"} -index 0
stop
ps7_init
ps7_post_config
targets -set -nocase -filter {name =~ "ARM*#0" && jtag_cable_name =~ "Digilent Zed 210248493026"} -index 0
rst -processor
targets -set -nocase -filter {name =~ "ARM*#0" && jtag_cable_name =~ "Digilent Zed 210248493026"} -index 0
dow C:/Users/jgiletta/Documents/Capacitaciones/spl_2023/ws1_design_flow/lab3_freertos/lab3_freertos.sdk/led_buttons/Debug/led_buttons.elf
configparams force-mem-access 0
----------------End of Script----------------

17:43:39 INFO  : Context for processor 'ps7_cortexa9_0' is selected.
17:43:39 INFO  : 'con' command is executed.
17:43:39 INFO  : ----------------XSDB Script (After Launch)----------------
targets -set -nocase -filter {name =~ "ARM*#0" && jtag_cable_name =~ "Digilent Zed 210248493026"} -index 0
con
----------------End of Script----------------

17:43:39 INFO  : Disconnected from the channel tcfchan#2.
17:51:01 INFO  : 'targets -set -filter {jtag_cable_name =~ "Digilent Zed 210248493026" && level==0} -index 1' command is executed.
17:51:01 INFO  : 'fpga -state' command is executed.
17:51:05 INFO  : Connected to target on host '127.0.0.1' and port '3121'.
17:51:05 INFO  : Jtag cable 'Digilent Zed 210248493026' is selected.
17:51:05 INFO  : 'jtag frequency' command is executed.
17:51:05 INFO  : Sourcing of 'C:/Users/jgiletta/Documents/Capacitaciones/spl_2023/ws1_design_flow/lab3_freertos/lab3_freertos.sdk/rtos_example_wrapper_hw_platform_0/ps7_init.tcl' is done.
17:51:05 INFO  : Context for 'APU' is selected.
17:51:05 INFO  : Hardware design information is loaded from 'C:/Users/jgiletta/Documents/Capacitaciones/spl_2023/ws1_design_flow/lab3_freertos/lab3_freertos.sdk/rtos_example_wrapper_hw_platform_0/system.hdf'.
17:51:05 INFO  : 'configparams force-mem-access 1' command is executed.
17:51:05 INFO  : Context for 'APU' is selected.
17:51:05 INFO  : 'stop' command is executed.
17:51:06 INFO  : 'ps7_init' command is executed.
17:51:06 INFO  : 'ps7_post_config' command is executed.
17:51:06 INFO  : Context for processor 'ps7_cortexa9_0' is selected.
17:51:06 INFO  : Processor reset is completed for 'ps7_cortexa9_0'.
17:51:06 INFO  : Context for processor 'ps7_cortexa9_0' is selected.
17:51:06 INFO  : The application 'C:/Users/jgiletta/Documents/Capacitaciones/spl_2023/ws1_design_flow/lab3_freertos/lab3_freertos.sdk/led_buttons/Debug/led_buttons.elf' is downloaded to processor 'ps7_cortexa9_0'.
17:51:06 INFO  : 'configparams force-mem-access 0' command is executed.
17:51:06 INFO  : ----------------XSDB Script----------------
connect -url tcp:127.0.0.1:3121
source C:/Users/jgiletta/Documents/Capacitaciones/spl_2023/ws1_design_flow/lab3_freertos/lab3_freertos.sdk/rtos_example_wrapper_hw_platform_0/ps7_init.tcl
targets -set -nocase -filter {name =~"APU*" && jtag_cable_name =~ "Digilent Zed 210248493026"} -index 0
loadhw -hw C:/Users/jgiletta/Documents/Capacitaciones/spl_2023/ws1_design_flow/lab3_freertos/lab3_freertos.sdk/rtos_example_wrapper_hw_platform_0/system.hdf -mem-ranges [list {0x40000000 0xbfffffff}]
configparams force-mem-access 1
targets -set -nocase -filter {name =~"APU*" && jtag_cable_name =~ "Digilent Zed 210248493026"} -index 0
stop
ps7_init
ps7_post_config
targets -set -nocase -filter {name =~ "ARM*#0" && jtag_cable_name =~ "Digilent Zed 210248493026"} -index 0
rst -processor
targets -set -nocase -filter {name =~ "ARM*#0" && jtag_cable_name =~ "Digilent Zed 210248493026"} -index 0
dow C:/Users/jgiletta/Documents/Capacitaciones/spl_2023/ws1_design_flow/lab3_freertos/lab3_freertos.sdk/led_buttons/Debug/led_buttons.elf
configparams force-mem-access 0
----------------End of Script----------------

17:51:06 INFO  : Context for processor 'ps7_cortexa9_0' is selected.
17:51:06 INFO  : 'con' command is executed.
17:51:06 INFO  : ----------------XSDB Script (After Launch)----------------
targets -set -nocase -filter {name =~ "ARM*#0" && jtag_cable_name =~ "Digilent Zed 210248493026"} -index 0
con
----------------End of Script----------------

17:51:06 INFO  : Disconnected from the channel tcfchan#3.
17:51:53 INFO  : 'targets -set -filter {jtag_cable_name =~ "Digilent Zed 210248493026" && level==0} -index 1' command is executed.
17:51:53 INFO  : 'fpga -state' command is executed.
17:51:59 INFO  : Connected to target on host '127.0.0.1' and port '3121'.
17:51:59 INFO  : Jtag cable 'Digilent Zed 210248493026' is selected.
17:51:59 INFO  : 'jtag frequency' command is executed.
17:51:59 INFO  : Sourcing of 'C:/Users/jgiletta/Documents/Capacitaciones/spl_2023/ws1_design_flow/lab3_freertos/lab3_freertos.sdk/rtos_example_wrapper_hw_platform_0/ps7_init.tcl' is done.
17:51:59 INFO  : Context for 'APU' is selected.
17:51:59 INFO  : Hardware design information is loaded from 'C:/Users/jgiletta/Documents/Capacitaciones/spl_2023/ws1_design_flow/lab3_freertos/lab3_freertos.sdk/rtos_example_wrapper_hw_platform_0/system.hdf'.
17:51:59 INFO  : 'configparams force-mem-access 1' command is executed.
17:51:59 INFO  : Context for 'APU' is selected.
17:52:00 INFO  : 'stop' command is executed.
17:52:02 INFO  : 'ps7_init' command is executed.
17:52:02 INFO  : 'ps7_post_config' command is executed.
17:52:02 INFO  : Context for processor 'ps7_cortexa9_0' is selected.
17:52:03 INFO  : Processor reset is completed for 'ps7_cortexa9_0'.
17:52:03 INFO  : Context for processor 'ps7_cortexa9_0' is selected.
17:52:05 ERROR : Memory write error at 0x100000. APB AP transaction error, DAP status f0000021
17:52:05 INFO  : ----------------XSDB Script----------------
connect -url tcp:127.0.0.1:3121
source C:/Users/jgiletta/Documents/Capacitaciones/spl_2023/ws1_design_flow/lab3_freertos/lab3_freertos.sdk/rtos_example_wrapper_hw_platform_0/ps7_init.tcl
targets -set -nocase -filter {name =~"APU*" && jtag_cable_name =~ "Digilent Zed 210248493026"} -index 0
loadhw -hw C:/Users/jgiletta/Documents/Capacitaciones/spl_2023/ws1_design_flow/lab3_freertos/lab3_freertos.sdk/rtos_example_wrapper_hw_platform_0/system.hdf -mem-ranges [list {0x40000000 0xbfffffff}]
configparams force-mem-access 1
targets -set -nocase -filter {name =~"APU*" && jtag_cable_name =~ "Digilent Zed 210248493026"} -index 0
stop
ps7_init
ps7_post_config
targets -set -nocase -filter {name =~ "ARM*#0" && jtag_cable_name =~ "Digilent Zed 210248493026"} -index 0
rst -processor
targets -set -nocase -filter {name =~ "ARM*#0" && jtag_cable_name =~ "Digilent Zed 210248493026"} -index 0
dow C:/Users/jgiletta/Documents/Capacitaciones/spl_2023/ws1_design_flow/lab3_freertos/lab3_freertos.sdk/led_buttons/Debug/led_buttons.elf
----------------End of Script----------------

17:52:41 INFO  : 'targets -set -filter {jtag_cable_name =~ "Digilent Zed 210248493026" && level==0} -index 1' command is executed.
17:52:41 INFO  : 'fpga -state' command is executed.
17:52:41 INFO  : Connected to target on host '127.0.0.1' and port '3121'.
17:52:41 INFO  : Jtag cable 'Digilent Zed 210248493026' is selected.
17:52:41 INFO  : 'jtag frequency' command is executed.
17:52:41 INFO  : Sourcing of 'C:/Users/jgiletta/Documents/Capacitaciones/spl_2023/ws1_design_flow/lab3_freertos/lab3_freertos.sdk/rtos_example_wrapper_hw_platform_0/ps7_init.tcl' is done.
17:52:42 INFO  : Context for 'APU' is selected.
17:52:42 INFO  : Hardware design information is loaded from 'C:/Users/jgiletta/Documents/Capacitaciones/spl_2023/ws1_design_flow/lab3_freertos/lab3_freertos.sdk/rtos_example_wrapper_hw_platform_0/system.hdf'.
17:52:42 INFO  : 'configparams force-mem-access 1' command is executed.
17:52:42 INFO  : Context for 'APU' is selected.
17:52:42 INFO  : 'stop' command is executed.
17:52:42 INFO  : 'ps7_init' command is executed.
17:52:42 INFO  : 'ps7_post_config' command is executed.
17:52:42 INFO  : Context for processor 'ps7_cortexa9_0' is selected.
17:52:42 INFO  : Processor reset is completed for 'ps7_cortexa9_0'.
17:52:42 INFO  : Context for processor 'ps7_cortexa9_0' is selected.
17:52:42 INFO  : The application 'C:/Users/jgiletta/Documents/Capacitaciones/spl_2023/ws1_design_flow/lab3_freertos/lab3_freertos.sdk/led_buttons/Debug/led_buttons.elf' is downloaded to processor 'ps7_cortexa9_0'.
17:52:42 INFO  : 'configparams force-mem-access 0' command is executed.
17:52:42 INFO  : ----------------XSDB Script----------------
connect -url tcp:127.0.0.1:3121
source C:/Users/jgiletta/Documents/Capacitaciones/spl_2023/ws1_design_flow/lab3_freertos/lab3_freertos.sdk/rtos_example_wrapper_hw_platform_0/ps7_init.tcl
targets -set -nocase -filter {name =~"APU*" && jtag_cable_name =~ "Digilent Zed 210248493026"} -index 0
loadhw -hw C:/Users/jgiletta/Documents/Capacitaciones/spl_2023/ws1_design_flow/lab3_freertos/lab3_freertos.sdk/rtos_example_wrapper_hw_platform_0/system.hdf -mem-ranges [list {0x40000000 0xbfffffff}]
configparams force-mem-access 1
targets -set -nocase -filter {name =~"APU*" && jtag_cable_name =~ "Digilent Zed 210248493026"} -index 0
stop
ps7_init
ps7_post_config
targets -set -nocase -filter {name =~ "ARM*#0" && jtag_cable_name =~ "Digilent Zed 210248493026"} -index 0
rst -processor
targets -set -nocase -filter {name =~ "ARM*#0" && jtag_cable_name =~ "Digilent Zed 210248493026"} -index 0
dow C:/Users/jgiletta/Documents/Capacitaciones/spl_2023/ws1_design_flow/lab3_freertos/lab3_freertos.sdk/led_buttons/Debug/led_buttons.elf
configparams force-mem-access 0
----------------End of Script----------------

17:52:42 INFO  : Context for processor 'ps7_cortexa9_0' is selected.
17:52:42 INFO  : 'con' command is executed.
17:52:42 INFO  : ----------------XSDB Script (After Launch)----------------
targets -set -nocase -filter {name =~ "ARM*#0" && jtag_cable_name =~ "Digilent Zed 210248493026"} -index 0
con
----------------End of Script----------------

17:52:42 INFO  : Disconnected from the channel tcfchan#4.
17:56:50 INFO  : 'targets -set -filter {jtag_cable_name =~ "Digilent Zed 210248493026" && level==0} -index 1' command is executed.
17:56:50 INFO  : 'fpga -state' command is executed.
17:56:50 INFO  : Connected to target on host '127.0.0.1' and port '3121'.
17:56:51 INFO  : Jtag cable 'Digilent Zed 210248493026' is selected.
17:56:51 INFO  : 'jtag frequency' command is executed.
17:56:51 INFO  : Sourcing of 'C:/Users/jgiletta/Documents/Capacitaciones/spl_2023/ws1_design_flow/lab3_freertos/lab3_freertos.sdk/rtos_example_wrapper_hw_platform_0/ps7_init.tcl' is done.
17:56:51 INFO  : Context for 'APU' is selected.
17:56:51 INFO  : Hardware design information is loaded from 'C:/Users/jgiletta/Documents/Capacitaciones/spl_2023/ws1_design_flow/lab3_freertos/lab3_freertos.sdk/rtos_example_wrapper_hw_platform_0/system.hdf'.
17:56:51 INFO  : 'configparams force-mem-access 1' command is executed.
17:56:51 INFO  : Context for 'APU' is selected.
17:56:51 INFO  : 'stop' command is executed.
17:56:51 INFO  : 'ps7_init' command is executed.
17:56:51 INFO  : 'ps7_post_config' command is executed.
17:56:51 INFO  : Context for processor 'ps7_cortexa9_0' is selected.
17:56:51 INFO  : Processor reset is completed for 'ps7_cortexa9_0'.
17:56:51 INFO  : Context for processor 'ps7_cortexa9_0' is selected.
17:56:51 INFO  : The application 'C:/Users/jgiletta/Documents/Capacitaciones/spl_2023/ws1_design_flow/lab3_freertos/lab3_freertos.sdk/led_buttons/Debug/led_buttons.elf' is downloaded to processor 'ps7_cortexa9_0'.
17:56:51 INFO  : 'configparams force-mem-access 0' command is executed.
17:56:51 INFO  : ----------------XSDB Script----------------
connect -url tcp:127.0.0.1:3121
source C:/Users/jgiletta/Documents/Capacitaciones/spl_2023/ws1_design_flow/lab3_freertos/lab3_freertos.sdk/rtos_example_wrapper_hw_platform_0/ps7_init.tcl
targets -set -nocase -filter {name =~"APU*" && jtag_cable_name =~ "Digilent Zed 210248493026"} -index 0
loadhw -hw C:/Users/jgiletta/Documents/Capacitaciones/spl_2023/ws1_design_flow/lab3_freertos/lab3_freertos.sdk/rtos_example_wrapper_hw_platform_0/system.hdf -mem-ranges [list {0x40000000 0xbfffffff}]
configparams force-mem-access 1
targets -set -nocase -filter {name =~"APU*" && jtag_cable_name =~ "Digilent Zed 210248493026"} -index 0
stop
ps7_init
ps7_post_config
targets -set -nocase -filter {name =~ "ARM*#0" && jtag_cable_name =~ "Digilent Zed 210248493026"} -index 0
rst -processor
targets -set -nocase -filter {name =~ "ARM*#0" && jtag_cable_name =~ "Digilent Zed 210248493026"} -index 0
dow C:/Users/jgiletta/Documents/Capacitaciones/spl_2023/ws1_design_flow/lab3_freertos/lab3_freertos.sdk/led_buttons/Debug/led_buttons.elf
configparams force-mem-access 0
----------------End of Script----------------

17:56:51 INFO  : Context for processor 'ps7_cortexa9_0' is selected.
17:56:52 INFO  : 'con' command is executed.
17:56:52 INFO  : ----------------XSDB Script (After Launch)----------------
targets -set -nocase -filter {name =~ "ARM*#0" && jtag_cable_name =~ "Digilent Zed 210248493026"} -index 0
con
----------------End of Script----------------

17:56:52 INFO  : Disconnected from the channel tcfchan#5.
17:58:00 INFO  : 'targets -set -filter {jtag_cable_name =~ "Digilent Zed 210248493026" && level==0} -index 1' command is executed.
17:58:00 INFO  : 'fpga -state' command is executed.
17:58:00 INFO  : Connected to target on host '127.0.0.1' and port '3121'.
17:58:00 INFO  : Jtag cable 'Digilent Zed 210248493026' is selected.
17:58:01 INFO  : 'jtag frequency' command is executed.
17:58:01 INFO  : Sourcing of 'C:/Users/jgiletta/Documents/Capacitaciones/spl_2023/ws1_design_flow/lab3_freertos/lab3_freertos.sdk/rtos_example_wrapper_hw_platform_0/ps7_init.tcl' is done.
17:58:01 INFO  : Context for 'APU' is selected.
17:58:01 INFO  : Hardware design information is loaded from 'C:/Users/jgiletta/Documents/Capacitaciones/spl_2023/ws1_design_flow/lab3_freertos/lab3_freertos.sdk/rtos_example_wrapper_hw_platform_0/system.hdf'.
17:58:01 INFO  : 'configparams force-mem-access 1' command is executed.
17:58:01 INFO  : Context for 'APU' is selected.
17:58:01 INFO  : 'stop' command is executed.
17:58:02 INFO  : 'ps7_init' command is executed.
17:58:02 INFO  : 'ps7_post_config' command is executed.
17:58:02 INFO  : Context for processor 'ps7_cortexa9_0' is selected.
17:58:03 INFO  : Processor reset is completed for 'ps7_cortexa9_0'.
17:58:03 INFO  : Context for processor 'ps7_cortexa9_0' is selected.
17:58:05 ERROR : Memory write error at 0x100000. APB AP transaction error, DAP status f0000021
17:58:05 INFO  : ----------------XSDB Script----------------
connect -url tcp:127.0.0.1:3121
source C:/Users/jgiletta/Documents/Capacitaciones/spl_2023/ws1_design_flow/lab3_freertos/lab3_freertos.sdk/rtos_example_wrapper_hw_platform_0/ps7_init.tcl
targets -set -nocase -filter {name =~"APU*" && jtag_cable_name =~ "Digilent Zed 210248493026"} -index 0
loadhw -hw C:/Users/jgiletta/Documents/Capacitaciones/spl_2023/ws1_design_flow/lab3_freertos/lab3_freertos.sdk/rtos_example_wrapper_hw_platform_0/system.hdf -mem-ranges [list {0x40000000 0xbfffffff}]
configparams force-mem-access 1
targets -set -nocase -filter {name =~"APU*" && jtag_cable_name =~ "Digilent Zed 210248493026"} -index 0
stop
ps7_init
ps7_post_config
targets -set -nocase -filter {name =~ "ARM*#0" && jtag_cable_name =~ "Digilent Zed 210248493026"} -index 0
rst -processor
targets -set -nocase -filter {name =~ "ARM*#0" && jtag_cable_name =~ "Digilent Zed 210248493026"} -index 0
dow C:/Users/jgiletta/Documents/Capacitaciones/spl_2023/ws1_design_flow/lab3_freertos/lab3_freertos.sdk/led_buttons/Debug/led_buttons.elf
----------------End of Script----------------

17:58:34 INFO  : 'targets -set -filter {jtag_cable_name =~ "Digilent Zed 210248493026" && level==0} -index 1' command is executed.
17:58:34 INFO  : 'fpga -state' command is executed.
17:58:34 INFO  : Connected to target on host '127.0.0.1' and port '3121'.
17:58:34 INFO  : Jtag cable 'Digilent Zed 210248493026' is selected.
17:58:34 INFO  : 'jtag frequency' command is executed.
17:58:34 INFO  : Sourcing of 'C:/Users/jgiletta/Documents/Capacitaciones/spl_2023/ws1_design_flow/lab3_freertos/lab3_freertos.sdk/rtos_example_wrapper_hw_platform_0/ps7_init.tcl' is done.
17:58:34 INFO  : Context for 'APU' is selected.
17:58:34 INFO  : Hardware design information is loaded from 'C:/Users/jgiletta/Documents/Capacitaciones/spl_2023/ws1_design_flow/lab3_freertos/lab3_freertos.sdk/rtos_example_wrapper_hw_platform_0/system.hdf'.
17:58:34 INFO  : 'configparams force-mem-access 1' command is executed.
17:58:34 INFO  : Context for 'APU' is selected.
17:58:34 INFO  : 'stop' command is executed.
17:58:34 INFO  : 'ps7_init' command is executed.
17:58:34 INFO  : 'ps7_post_config' command is executed.
17:58:34 INFO  : Context for processor 'ps7_cortexa9_0' is selected.
17:58:35 INFO  : Processor reset is completed for 'ps7_cortexa9_0'.
17:58:35 INFO  : Context for processor 'ps7_cortexa9_0' is selected.
17:58:35 INFO  : The application 'C:/Users/jgiletta/Documents/Capacitaciones/spl_2023/ws1_design_flow/lab3_freertos/lab3_freertos.sdk/led_buttons/Debug/led_buttons.elf' is downloaded to processor 'ps7_cortexa9_0'.
17:58:35 INFO  : 'configparams force-mem-access 0' command is executed.
17:58:35 INFO  : ----------------XSDB Script----------------
connect -url tcp:127.0.0.1:3121
source C:/Users/jgiletta/Documents/Capacitaciones/spl_2023/ws1_design_flow/lab3_freertos/lab3_freertos.sdk/rtos_example_wrapper_hw_platform_0/ps7_init.tcl
targets -set -nocase -filter {name =~"APU*" && jtag_cable_name =~ "Digilent Zed 210248493026"} -index 0
loadhw -hw C:/Users/jgiletta/Documents/Capacitaciones/spl_2023/ws1_design_flow/lab3_freertos/lab3_freertos.sdk/rtos_example_wrapper_hw_platform_0/system.hdf -mem-ranges [list {0x40000000 0xbfffffff}]
configparams force-mem-access 1
targets -set -nocase -filter {name =~"APU*" && jtag_cable_name =~ "Digilent Zed 210248493026"} -index 0
stop
ps7_init
ps7_post_config
targets -set -nocase -filter {name =~ "ARM*#0" && jtag_cable_name =~ "Digilent Zed 210248493026"} -index 0
rst -processor
targets -set -nocase -filter {name =~ "ARM*#0" && jtag_cable_name =~ "Digilent Zed 210248493026"} -index 0
dow C:/Users/jgiletta/Documents/Capacitaciones/spl_2023/ws1_design_flow/lab3_freertos/lab3_freertos.sdk/led_buttons/Debug/led_buttons.elf
configparams force-mem-access 0
----------------End of Script----------------

17:58:35 INFO  : Context for processor 'ps7_cortexa9_0' is selected.
17:58:35 INFO  : 'con' command is executed.
17:58:35 INFO  : ----------------XSDB Script (After Launch)----------------
targets -set -nocase -filter {name =~ "ARM*#0" && jtag_cable_name =~ "Digilent Zed 210248493026"} -index 0
con
----------------End of Script----------------

17:58:35 INFO  : Disconnected from the channel tcfchan#6.
17:59:47 INFO  : 'targets -set -filter {jtag_cable_name =~ "Digilent Zed 210248493026" && level==0} -index 1' command is executed.
17:59:47 INFO  : 'fpga -state' command is executed.
17:59:47 INFO  : Connected to target on host '127.0.0.1' and port '3121'.
17:59:47 INFO  : Jtag cable 'Digilent Zed 210248493026' is selected.
17:59:47 INFO  : 'jtag frequency' command is executed.
17:59:47 INFO  : Sourcing of 'C:/Users/jgiletta/Documents/Capacitaciones/spl_2023/ws1_design_flow/lab3_freertos/lab3_freertos.sdk/rtos_example_wrapper_hw_platform_0/ps7_init.tcl' is done.
17:59:47 INFO  : Context for 'APU' is selected.
17:59:48 INFO  : Hardware design information is loaded from 'C:/Users/jgiletta/Documents/Capacitaciones/spl_2023/ws1_design_flow/lab3_freertos/lab3_freertos.sdk/rtos_example_wrapper_hw_platform_0/system.hdf'.
17:59:48 INFO  : 'configparams force-mem-access 1' command is executed.
17:59:48 INFO  : Context for 'APU' is selected.
17:59:48 INFO  : 'stop' command is executed.
17:59:49 INFO  : 'ps7_init' command is executed.
17:59:49 INFO  : 'ps7_post_config' command is executed.
17:59:49 INFO  : Context for processor 'ps7_cortexa9_0' is selected.
17:59:49 INFO  : Processor reset is completed for 'ps7_cortexa9_0'.
17:59:49 INFO  : Context for processor 'ps7_cortexa9_0' is selected.
17:59:52 ERROR : Memory write error at 0x100000. APB AP transaction error, DAP status f0000021
17:59:52 INFO  : ----------------XSDB Script----------------
connect -url tcp:127.0.0.1:3121
source C:/Users/jgiletta/Documents/Capacitaciones/spl_2023/ws1_design_flow/lab3_freertos/lab3_freertos.sdk/rtos_example_wrapper_hw_platform_0/ps7_init.tcl
targets -set -nocase -filter {name =~"APU*" && jtag_cable_name =~ "Digilent Zed 210248493026"} -index 0
loadhw -hw C:/Users/jgiletta/Documents/Capacitaciones/spl_2023/ws1_design_flow/lab3_freertos/lab3_freertos.sdk/rtos_example_wrapper_hw_platform_0/system.hdf -mem-ranges [list {0x40000000 0xbfffffff}]
configparams force-mem-access 1
targets -set -nocase -filter {name =~"APU*" && jtag_cable_name =~ "Digilent Zed 210248493026"} -index 0
stop
ps7_init
ps7_post_config
targets -set -nocase -filter {name =~ "ARM*#0" && jtag_cable_name =~ "Digilent Zed 210248493026"} -index 0
rst -processor
targets -set -nocase -filter {name =~ "ARM*#0" && jtag_cable_name =~ "Digilent Zed 210248493026"} -index 0
dow C:/Users/jgiletta/Documents/Capacitaciones/spl_2023/ws1_design_flow/lab3_freertos/lab3_freertos.sdk/led_buttons/Debug/led_buttons.elf
----------------End of Script----------------

18:00:15 INFO  : 'targets -set -filter {jtag_cable_name =~ "Digilent Zed 210248493026" && level==0} -index 1' command is executed.
18:00:15 INFO  : 'fpga -state' command is executed.
18:00:15 INFO  : Connected to target on host '127.0.0.1' and port '3121'.
18:00:15 INFO  : Jtag cable 'Digilent Zed 210248493026' is selected.
18:00:15 INFO  : 'jtag frequency' command is executed.
18:00:15 INFO  : Sourcing of 'C:/Users/jgiletta/Documents/Capacitaciones/spl_2023/ws1_design_flow/lab3_freertos/lab3_freertos.sdk/rtos_example_wrapper_hw_platform_0/ps7_init.tcl' is done.
18:00:15 INFO  : Context for 'APU' is selected.
18:00:15 INFO  : Hardware design information is loaded from 'C:/Users/jgiletta/Documents/Capacitaciones/spl_2023/ws1_design_flow/lab3_freertos/lab3_freertos.sdk/rtos_example_wrapper_hw_platform_0/system.hdf'.
18:00:15 INFO  : 'configparams force-mem-access 1' command is executed.
18:00:15 INFO  : Context for 'APU' is selected.
18:00:15 INFO  : 'stop' command is executed.
18:00:16 INFO  : 'ps7_init' command is executed.
18:00:16 INFO  : 'ps7_post_config' command is executed.
18:00:16 INFO  : Context for processor 'ps7_cortexa9_0' is selected.
18:00:16 INFO  : Processor reset is completed for 'ps7_cortexa9_0'.
18:00:16 INFO  : Context for processor 'ps7_cortexa9_0' is selected.
18:00:16 INFO  : The application 'C:/Users/jgiletta/Documents/Capacitaciones/spl_2023/ws1_design_flow/lab3_freertos/lab3_freertos.sdk/led_buttons/Debug/led_buttons.elf' is downloaded to processor 'ps7_cortexa9_0'.
18:00:16 INFO  : 'configparams force-mem-access 0' command is executed.
18:00:16 INFO  : ----------------XSDB Script----------------
connect -url tcp:127.0.0.1:3121
source C:/Users/jgiletta/Documents/Capacitaciones/spl_2023/ws1_design_flow/lab3_freertos/lab3_freertos.sdk/rtos_example_wrapper_hw_platform_0/ps7_init.tcl
targets -set -nocase -filter {name =~"APU*" && jtag_cable_name =~ "Digilent Zed 210248493026"} -index 0
loadhw -hw C:/Users/jgiletta/Documents/Capacitaciones/spl_2023/ws1_design_flow/lab3_freertos/lab3_freertos.sdk/rtos_example_wrapper_hw_platform_0/system.hdf -mem-ranges [list {0x40000000 0xbfffffff}]
configparams force-mem-access 1
targets -set -nocase -filter {name =~"APU*" && jtag_cable_name =~ "Digilent Zed 210248493026"} -index 0
stop
ps7_init
ps7_post_config
targets -set -nocase -filter {name =~ "ARM*#0" && jtag_cable_name =~ "Digilent Zed 210248493026"} -index 0
rst -processor
targets -set -nocase -filter {name =~ "ARM*#0" && jtag_cable_name =~ "Digilent Zed 210248493026"} -index 0
dow C:/Users/jgiletta/Documents/Capacitaciones/spl_2023/ws1_design_flow/lab3_freertos/lab3_freertos.sdk/led_buttons/Debug/led_buttons.elf
configparams force-mem-access 0
----------------End of Script----------------

18:00:16 INFO  : Context for processor 'ps7_cortexa9_0' is selected.
18:00:16 INFO  : 'con' command is executed.
18:00:16 INFO  : ----------------XSDB Script (After Launch)----------------
targets -set -nocase -filter {name =~ "ARM*#0" && jtag_cable_name =~ "Digilent Zed 210248493026"} -index 0
con
----------------End of Script----------------

18:00:16 INFO  : Disconnected from the channel tcfchan#7.
18:06:30 INFO  : 'targets -set -filter {jtag_cable_name =~ "Digilent Zed 210248493026" && level==0} -index 1' command is executed.
18:06:30 INFO  : 'fpga -state' command is executed.
18:06:30 INFO  : Connected to target on host '127.0.0.1' and port '3121'.
18:06:30 INFO  : Jtag cable 'Digilent Zed 210248493026' is selected.
18:06:30 INFO  : 'jtag frequency' command is executed.
18:06:30 INFO  : Sourcing of 'C:/Users/jgiletta/Documents/Capacitaciones/spl_2023/ws1_design_flow/lab3_freertos/lab3_freertos.sdk/rtos_example_wrapper_hw_platform_0/ps7_init.tcl' is done.
18:06:30 INFO  : Context for 'APU' is selected.
18:06:30 INFO  : Hardware design information is loaded from 'C:/Users/jgiletta/Documents/Capacitaciones/spl_2023/ws1_design_flow/lab3_freertos/lab3_freertos.sdk/rtos_example_wrapper_hw_platform_0/system.hdf'.
18:06:30 INFO  : 'configparams force-mem-access 1' command is executed.
18:06:30 INFO  : Context for 'APU' is selected.
18:06:31 INFO  : 'stop' command is executed.
18:06:32 INFO  : 'ps7_init' command is executed.
18:06:32 INFO  : 'ps7_post_config' command is executed.
18:06:32 INFO  : Context for processor 'ps7_cortexa9_0' is selected.
18:06:32 INFO  : Processor reset is completed for 'ps7_cortexa9_0'.
18:06:32 INFO  : Context for processor 'ps7_cortexa9_0' is selected.
18:06:35 ERROR : Memory write error at 0x100000. APB AP transaction error, DAP status f0000021
18:06:35 INFO  : ----------------XSDB Script----------------
connect -url tcp:127.0.0.1:3121
source C:/Users/jgiletta/Documents/Capacitaciones/spl_2023/ws1_design_flow/lab3_freertos/lab3_freertos.sdk/rtos_example_wrapper_hw_platform_0/ps7_init.tcl
targets -set -nocase -filter {name =~"APU*" && jtag_cable_name =~ "Digilent Zed 210248493026"} -index 0
loadhw -hw C:/Users/jgiletta/Documents/Capacitaciones/spl_2023/ws1_design_flow/lab3_freertos/lab3_freertos.sdk/rtos_example_wrapper_hw_platform_0/system.hdf -mem-ranges [list {0x40000000 0xbfffffff}]
configparams force-mem-access 1
targets -set -nocase -filter {name =~"APU*" && jtag_cable_name =~ "Digilent Zed 210248493026"} -index 0
stop
ps7_init
ps7_post_config
targets -set -nocase -filter {name =~ "ARM*#0" && jtag_cable_name =~ "Digilent Zed 210248493026"} -index 0
rst -processor
targets -set -nocase -filter {name =~ "ARM*#0" && jtag_cable_name =~ "Digilent Zed 210248493026"} -index 0
dow C:/Users/jgiletta/Documents/Capacitaciones/spl_2023/ws1_design_flow/lab3_freertos/lab3_freertos.sdk/led_buttons/Debug/led_buttons.elf
----------------End of Script----------------

18:06:58 INFO  : 'targets -set -filter {jtag_cable_name =~ "Digilent Zed 210248493026" && level==0} -index 1' command is executed.
18:06:58 INFO  : 'fpga -state' command is executed.
18:06:58 INFO  : Connected to target on host '127.0.0.1' and port '3121'.
18:06:58 INFO  : Jtag cable 'Digilent Zed 210248493026' is selected.
18:06:58 INFO  : 'jtag frequency' command is executed.
18:06:58 INFO  : Sourcing of 'C:/Users/jgiletta/Documents/Capacitaciones/spl_2023/ws1_design_flow/lab3_freertos/lab3_freertos.sdk/rtos_example_wrapper_hw_platform_0/ps7_init.tcl' is done.
18:06:58 INFO  : Context for 'APU' is selected.
18:06:58 INFO  : Hardware design information is loaded from 'C:/Users/jgiletta/Documents/Capacitaciones/spl_2023/ws1_design_flow/lab3_freertos/lab3_freertos.sdk/rtos_example_wrapper_hw_platform_0/system.hdf'.
18:06:58 INFO  : 'configparams force-mem-access 1' command is executed.
18:06:58 INFO  : Context for 'APU' is selected.
18:06:58 INFO  : 'stop' command is executed.
18:06:59 INFO  : 'ps7_init' command is executed.
18:06:59 INFO  : 'ps7_post_config' command is executed.
18:06:59 INFO  : Context for processor 'ps7_cortexa9_0' is selected.
18:06:59 INFO  : Processor reset is completed for 'ps7_cortexa9_0'.
18:06:59 INFO  : Context for processor 'ps7_cortexa9_0' is selected.
18:06:59 INFO  : The application 'C:/Users/jgiletta/Documents/Capacitaciones/spl_2023/ws1_design_flow/lab3_freertos/lab3_freertos.sdk/led_buttons/Debug/led_buttons.elf' is downloaded to processor 'ps7_cortexa9_0'.
18:06:59 INFO  : 'configparams force-mem-access 0' command is executed.
18:06:59 INFO  : ----------------XSDB Script----------------
connect -url tcp:127.0.0.1:3121
source C:/Users/jgiletta/Documents/Capacitaciones/spl_2023/ws1_design_flow/lab3_freertos/lab3_freertos.sdk/rtos_example_wrapper_hw_platform_0/ps7_init.tcl
targets -set -nocase -filter {name =~"APU*" && jtag_cable_name =~ "Digilent Zed 210248493026"} -index 0
loadhw -hw C:/Users/jgiletta/Documents/Capacitaciones/spl_2023/ws1_design_flow/lab3_freertos/lab3_freertos.sdk/rtos_example_wrapper_hw_platform_0/system.hdf -mem-ranges [list {0x40000000 0xbfffffff}]
configparams force-mem-access 1
targets -set -nocase -filter {name =~"APU*" && jtag_cable_name =~ "Digilent Zed 210248493026"} -index 0
stop
ps7_init
ps7_post_config
targets -set -nocase -filter {name =~ "ARM*#0" && jtag_cable_name =~ "Digilent Zed 210248493026"} -index 0
rst -processor
targets -set -nocase -filter {name =~ "ARM*#0" && jtag_cable_name =~ "Digilent Zed 210248493026"} -index 0
dow C:/Users/jgiletta/Documents/Capacitaciones/spl_2023/ws1_design_flow/lab3_freertos/lab3_freertos.sdk/led_buttons/Debug/led_buttons.elf
configparams force-mem-access 0
----------------End of Script----------------

18:06:59 INFO  : Context for processor 'ps7_cortexa9_0' is selected.
18:06:59 INFO  : 'con' command is executed.
18:06:59 INFO  : ----------------XSDB Script (After Launch)----------------
targets -set -nocase -filter {name =~ "ARM*#0" && jtag_cable_name =~ "Digilent Zed 210248493026"} -index 0
con
----------------End of Script----------------

18:06:59 INFO  : Disconnected from the channel tcfchan#8.
